<?xml version="1.0" encoding="UTF-8"?>
<testsuite xmlns:xsi="http://www.w3.org/2001/XMLSchema-instance" xsi:noNamespaceSchemaLocation="https://maven.apache.org/surefire/maven-surefire-plugin/xsd/surefire-test-report.xsd" name="DriverAprovacaoPagamentoIndisponiveis" time="0.031" tests="7" errors="0" skipped="0" failures="0">
  <properties>
[...]
</properties>
  <testcase name="CT001" classname="DriverAprovacaoPagamentoIndisponiveis" time="0.016"/>
  <testcase name="CT002" classname="DriverAprovacaoPagamentoIndisponiveis" time="0"/>
  <testcase name="CT003" classname="DriverAprovacaoPagamentoIndisponiveis" time="0"/>
  <testcase name="CT004" classname="DriverAprovacaoPagamentoIndisponiveis" time="0.015"/>
  <testcase name="CT005" classname="DriverAprovacaoPagamentoIndisponiveis" time="0"/>
  <testcase name="CT006" classname="DriverAprovacaoPagamentoIndisponiveis" time="0"/>
  <testcase name="CT007" classname="DriverAprovacaoPagamentoIndisponiveis" time="0"/>
</testsuite>