<?xml version="1.0" encoding="UTF-8"?>
<testsuite xmlns:xsi="http://www.w3.org/2001/XMLSchema-instance" xsi:noNamespaceSchemaLocation="https://maven.apache.org/surefire/maven-surefire-plugin/xsd/surefire-test-report.xsd" name="DriverAprovacaoPagamento" time="0.032" tests="1" errors="1" skipped="0" failures="0">
  <properties>
[...]
</properties>
  <testcase name="CT001" classname="DriverAprovacaoPagamento" time="0.032">
    <error message="For input string: &quot;&#10;Gerente imediato não pôde aprovar o pagamento solicitado&#10;Gerente Geral não pôde aprovar o pagamento solicitado&#10;Diretor financeiro não pôde aprovar o pagamento solicitado&#10;Diretor Geral autorizando pagamento no valor de R$ 15000.0&quot;" type="java.lang.NumberFormatException">java.lang.NumberFormatException: 
For input string: "
Gerente imediato não pôde aprovar o pagamento solicitado
Gerente Geral não pôde aprovar o pagamento solicitado
Diretor financeiro não pôde aprovar o pagamento solicitado
Diretor Geral autorizando pagamento no valor de R$ 15000.0"
	at DriverAprovacaoPagamento.CT001(DriverAprovacaoPagamento.java:51)
</error>
  </testcase>
</testsuite>